  [1m[35m (43.3ms)[0m  [1m[35mCREATE TABLE "schema_migrations" ("version" varchar NOT NULL PRIMARY KEY)[0m
  [1m[35m (0.4ms)[0m  [1m[35mCREATE TABLE "ar_internal_metadata" ("key" varchar NOT NULL PRIMARY KEY, "value" varchar, "created_at" datetime(6) NOT NULL, "updated_at" datetime(6) NOT NULL)[0m
  [1m[36mActiveRecord::InternalMetadata Load (0.2ms)[0m  [1m[34mSELECT * FROM "ar_internal_metadata" WHERE "ar_internal_metadata"."key" = ? ORDER BY "ar_internal_metadata"."key" ASC LIMIT 1[0m  [[nil, "environment"]]
  [1m[36mActiveRecord::InternalMetadata Create (0.3ms)[0m  [1m[32mINSERT INTO "ar_internal_metadata" ("key", "value", "created_at", "updated_at") VALUES ('environment', 'development', '2023-11-19 23:14:49.229542', '2023-11-19 23:14:49.229548') RETURNING "key"[0m
  [1m[36mActiveRecord::SchemaMigration Load (0.2ms)[0m  [1m[34mSELECT "schema_migrations"."version" FROM "schema_migrations" ORDER BY "schema_migrations"."version" ASC[0m
Migrating to CreateProducts (20231119231335)
  [1m[36mTRANSACTION (0.1ms)[0m  [1m[36mbegin transaction[0m
  [1m[35m (27.3ms)[0m  [1m[35mCREATE TABLE "products" ("id" integer PRIMARY KEY AUTOINCREMENT NOT NULL, "title" varchar, "description" text, "image_url" varchar, "price" decimal(8,2), "created_at" datetime(6) NOT NULL, "updated_at" datetime(6) NOT NULL)[0m
  [1m[36mActiveRecord::SchemaMigration Create (0.2ms)[0m  [1m[32mINSERT INTO "schema_migrations" ("version") VALUES ('20231119231335') RETURNING "version"[0m
  [1m[36mTRANSACTION (0.2ms)[0m  [1m[36mcommit transaction[0m
  [1m[36mActiveRecord::SchemaMigration Load (0.1ms)[0m  [1m[34mSELECT "schema_migrations"."version" FROM "schema_migrations" ORDER BY "schema_migrations"."version" ASC[0m
Started GET "/products" for ::1 at 2023-11-19 18:15:57 -0500
  [1m[36mActiveRecord::SchemaMigration Load (0.1ms)[0m  [1m[34mSELECT "schema_migrations"."version" FROM "schema_migrations" ORDER BY "schema_migrations"."version" ASC[0m
Processing by ProductsController#index as HTML
  Rendering layout layouts/application.html.erb
  Rendering products/index.html.erb within layouts/application
  [1m[36mProduct Load (0.1ms)[0m  [1m[34mSELECT "products".* FROM "products"[0m
  ↳ app/views/products/index.html.erb:12
  Rendered collection of templates [0 times] (Duration: 0.1ms | Allocations: 21)
  Rendered products/index.html.erb within layouts/application (Duration: 10.5ms | Allocations: 1863)
  Rendered layout layouts/application.html.erb (Duration: 514.4ms | Allocations: 149740)
Completed 200 OK in 582ms (Views: 521.1ms | ActiveRecord: 2.3ms | Allocations: 171898)


Started GET "/products/new" for ::1 at 2023-11-19 18:16:02 -0500
Processing by ProductsController#new as HTML
  Rendering layout layouts/application.html.erb
  Rendering products/new.html.erb within layouts/application
  Rendered products/_form.html.erb (Duration: 14.5ms | Allocations: 6301)
  Rendered products/new.html.erb within layouts/application (Duration: 15.4ms | Allocations: 6624)
  Rendered layout layouts/application.html.erb (Duration: 22.6ms | Allocations: 12986)
Completed 200 OK in 158ms (Views: 23.2ms | ActiveRecord: 2.1ms | Allocations: 112059)


Started POST "/products" for ::1 at 2023-11-19 18:16:22 -0500
Processing by ProductsController#create as TURBO_STREAM
  Parameters: {"authenticity_token"=>"[FILTERED]", "product"=>{"title"=>"Shoes", "description"=>"Some shoes", "image_url"=>"https://someshoes.com", "price"=>"199.99"}, "commit"=>"Create Product"}
  [1m[36mTRANSACTION (0.1ms)[0m  [1m[36mbegin transaction[0m
  ↳ app/controllers/products_controller.rb:27:in `block in create'
  [1m[36mProduct Create (1.1ms)[0m  [1m[32mINSERT INTO "products" ("title", "description", "image_url", "price", "created_at", "updated_at") VALUES (?, ?, ?, ?, ?, ?) RETURNING "id"[0m  [["title", "Shoes"], ["description", "Some shoes"], ["image_url", "https://someshoes.com"], ["price", 199.99], ["created_at", "2023-11-19 23:16:22.100038"], ["updated_at", "2023-11-19 23:16:22.100038"]]
  ↳ app/controllers/products_controller.rb:27:in `block in create'
  [1m[36mTRANSACTION (34.3ms)[0m  [1m[36mcommit transaction[0m
  ↳ app/controllers/products_controller.rb:27:in `block in create'
Redirected to http://localhost:3000/products/1
Completed 302 Found in 52ms (ActiveRecord: 35.4ms | Allocations: 3681)


Started GET "/products/1" for ::1 at 2023-11-19 18:16:22 -0500
Processing by ProductsController#show as TURBO_STREAM
  Parameters: {"id"=>"1"}
  [1m[36mProduct Load (0.2ms)[0m  [1m[34mSELECT "products".* FROM "products" WHERE "products"."id" = ? LIMIT ?[0m  [["id", 1], ["LIMIT", 1]]
  ↳ app/controllers/products_controller.rb:63:in `set_product'
  Rendering layout layouts/application.html.erb
  Rendering products/show.html.erb within layouts/application
  Rendered products/_product.html.erb (Duration: 3.8ms | Allocations: 383)
  Rendered products/show.html.erb within layouts/application (Duration: 13.8ms | Allocations: 1604)
  Rendered layout layouts/application.html.erb (Duration: 50.9ms | Allocations: 7946)
Completed 200 OK in 79ms (Views: 53.1ms | ActiveRecord: 0.2ms | Allocations: 11123)


Started GET "/products" for ::1 at 2023-11-19 18:16:25 -0500
Processing by ProductsController#index as HTML
  Rendering layout layouts/application.html.erb
  Rendering products/index.html.erb within layouts/application
  [1m[36mProduct Load (0.1ms)[0m  [1m[34mSELECT "products".* FROM "products"[0m
  ↳ app/views/products/index.html.erb:12
  Rendered collection of products/_product.html.erb [1 times] (Duration: 6.7ms | Allocations: 440)
  Rendered products/index.html.erb within layouts/application (Duration: 19.2ms | Allocations: 1426)
  Rendered layout layouts/application.html.erb (Duration: 49.0ms | Allocations: 7784)
Completed 200 OK in 50ms (Views: 49.7ms | ActiveRecord: 0.1ms | Allocations: 8112)


Started GET "/products/1/edit" for ::1 at 2023-11-19 18:19:14 -0500
Processing by ProductsController#edit as HTML
  Parameters: {"id"=>"1"}
  [1m[36mProduct Load (0.2ms)[0m  [1m[34mSELECT "products".* FROM "products" WHERE "products"."id" = ? LIMIT ?[0m  [["id", 1], ["LIMIT", 1]]
  ↳ app/controllers/products_controller.rb:63:in `set_product'
  Rendering layout layouts/application.html.erb
  Rendering products/edit.html.erb within layouts/application
  Rendered products/_form.html.erb (Duration: 5.2ms | Allocations: 1810)
  Rendered products/edit.html.erb within layouts/application (Duration: 6.8ms | Allocations: 2170)
  Rendered layout layouts/application.html.erb (Duration: 38.8ms | Allocations: 22847)
Completed 200 OK in 59ms (Views: 41.7ms | ActiveRecord: 3.4ms | Allocations: 29339)


Started GET "/products/1" for ::1 at 2023-11-19 18:19:17 -0500
Processing by ProductsController#show as HTML
  Parameters: {"id"=>"1"}
  [1m[36mProduct Load (0.2ms)[0m  [1m[34mSELECT "products".* FROM "products" WHERE "products"."id" = ? LIMIT ?[0m  [["id", 1], ["LIMIT", 1]]
  ↳ app/controllers/products_controller.rb:63:in `set_product'
  Rendering layout layouts/application.html.erb
  Rendering products/show.html.erb within layouts/application
  Rendered products/_product.html.erb (Duration: 1.4ms | Allocations: 351)
  Rendered products/show.html.erb within layouts/application (Duration: 5.5ms | Allocations: 1245)
  Rendered layout layouts/application.html.erb (Duration: 17.7ms | Allocations: 7587)
Completed 200 OK in 25ms (Views: 18.7ms | ActiveRecord: 0.2ms | Allocations: 8482)


Started GET "/products" for ::1 at 2023-11-19 18:19:24 -0500
Processing by ProductsController#index as HTML
  Rendering layout layouts/application.html.erb
  Rendering products/index.html.erb within layouts/application
  [1m[36mProduct Load (0.3ms)[0m  [1m[34mSELECT "products".* FROM "products"[0m
  ↳ app/views/products/index.html.erb:12
  Rendered collection of products/_product.html.erb [1 times] (Duration: 4.5ms | Allocations: 418)
  Rendered products/index.html.erb within layouts/application (Duration: 12.2ms | Allocations: 1664)
  Rendered layout layouts/application.html.erb (Duration: 36.6ms | Allocations: 8022)
Completed 200 OK in 40ms (Views: 37.8ms | ActiveRecord: 0.3ms | Allocations: 8424)


Started GET "/products/new" for ::1 at 2023-11-19 18:19:25 -0500
Processing by ProductsController#new as HTML
  Rendering layout layouts/application.html.erb
  Rendering products/new.html.erb within layouts/application
  Rendered products/_form.html.erb (Duration: 3.2ms | Allocations: 1179)
  Rendered products/new.html.erb within layouts/application (Duration: 4.6ms | Allocations: 1409)
  Rendered layout layouts/application.html.erb (Duration: 16.6ms | Allocations: 7754)
Completed 200 OK in 19ms (Views: 17.6ms | ActiveRecord: 0.0ms | Allocations: 8142)


  [1m[36mActiveRecord::SchemaMigration Load (0.2ms)[0m  [1m[34mSELECT "schema_migrations"."version" FROM "schema_migrations" ORDER BY "schema_migrations"."version" ASC[0m
  [1m[36mProduct Delete All (27.4ms)[0m  [1m[31mDELETE FROM "products"[0m
  [1m[36mTRANSACTION (0.1ms)[0m  [1m[36mbegin transaction[0m
  [1m[36mProduct Create (0.9ms)[0m  [1m[32mINSERT INTO "products" ("title", "description", "image_url", "price", "created_at", "updated_at") VALUES (?, ?, ?, ?, ?, ?) RETURNING "id"[0m  [["title", "Thing 1"], ["description", "This is thing 1"], ["image_url", "image.jpg"], ["price", 10.0], ["created_at", "2023-11-19 23:25:30.065336"], ["updated_at", "2023-11-19 23:25:30.065336"]]
  [1m[36mTRANSACTION (0.1ms)[0m  [1m[36mcommit transaction[0m
Started GET "/products" for ::1 at 2023-11-19 18:25:44 -0500
Processing by ProductsController#index as HTML
  Rendering layout layouts/application.html.erb
  Rendering products/index.html.erb within layouts/application
  [1m[36mProduct Load (1.8ms)[0m  [1m[34mSELECT "products".* FROM "products"[0m
  ↳ app/views/products/index.html.erb:12
  Rendered collection of products/_product.html.erb [1 times] (Duration: 0.5ms | Allocations: 96)
  Rendered products/index.html.erb within layouts/application (Duration: 5.2ms | Allocations: 1305)
  Rendered layout layouts/application.html.erb (Duration: 17.6ms | Allocations: 7671)
Completed 200 OK in 19ms (Views: 15.8ms | ActiveRecord: 2.8ms | Allocations: 7989)


Started GET "/products" for ::1 at 2023-11-19 18:34:25 -0500
Processing by ProductsController#index as HTML
  Rendering layout layouts/application.html.erb
  Rendering products/index.html.erb within layouts/application
  [1m[36mProduct Load (1.4ms)[0m  [1m[34mSELECT "products".* FROM "products"[0m
  ↳ app/views/products/index.html.erb:20
  Rendered products/index.html.erb within layouts/application (Duration: 20.6ms | Allocations: 7867)
  Rendered layout layouts/application.html.erb (Duration: 20.8ms | Allocations: 7943)
Completed 500 Internal Server Error in 27ms (ActiveRecord: 2.1ms | Allocations: 9714)


  
ActionView::Template::Error (The asset "image.jpg" is not present in the asset pipeline.
):
    20:       <% @products.each do |product| %>
    21:         <tr class="<%= cycle('bg-green-50', 'bg-white') %>">
    22:           <td class="px-2 py-3">
    23:             <%= image_tag(product.image_url, class: 'w-40') %>
    24:           </td>
    25:           <h1 class="text-xl font-bold mb-3"><%= product.title %></h1>
    26:           <p>
  
app/views/products/index.html.erb:23
app/views/products/index.html.erb:20
Started GET "/products" for ::1 at 2023-11-19 18:36:21 -0500
Processing by ProductsController#index as HTML
  Rendering layout layouts/application.html.erb
  Rendering products/index.html.erb within layouts/application
  [1m[36mProduct Load (0.1ms)[0m  [1m[34mSELECT "products".* FROM "products"[0m
  ↳ app/views/products/index.html.erb:20
  Rendered products/index.html.erb within layouts/application (Duration: 11.4ms | Allocations: 5326)
  Rendered layout layouts/application.html.erb (Duration: 38.5ms | Allocations: 27332)
Completed 200 OK in 43ms (Views: 38.2ms | ActiveRecord: 1.8ms | Allocations: 29114)


Started GET "/products" for ::1 at 2023-11-19 18:38:05 -0500
Processing by ProductsController#index as HTML
  Rendering layout layouts/application.html.erb
  Rendering products/index.html.erb within layouts/application
  [1m[36mProduct Load (0.1ms)[0m  [1m[34mSELECT "products".* FROM "products"[0m
  ↳ app/views/products/index.html.erb:20
  Rendered products/index.html.erb within layouts/application (Duration: 13.7ms | Allocations: 5215)
  Rendered layout layouts/application.html.erb (Duration: 38.7ms | Allocations: 25816)
Completed 200 OK in 44ms (Views: 38.3ms | ActiveRecord: 2.4ms | Allocations: 27596)


  [1m[36mActiveRecord::SchemaMigration Load (0.1ms)[0m  [1m[34mSELECT "schema_migrations"."version" FROM "schema_migrations" ORDER BY "schema_migrations"."version" ASC[0m
  [1m[36mProduct Delete All (27.2ms)[0m  [1m[31mDELETE FROM "products"[0m
  [1m[36mTRANSACTION (0.1ms)[0m  [1m[36mbegin transaction[0m
  [1m[36mProduct Create (1.2ms)[0m  [1m[32mINSERT INTO "products" ("title", "description", "image_url", "price", "created_at", "updated_at") VALUES (?, ?, ?, ?, ?, ?) RETURNING "id"[0m  [["title", "Thing 1"], ["description", "This is thing 1"], ["image_url", "image.jpg"], ["price", 10.0], ["created_at", "2023-11-19 23:38:43.448536"], ["updated_at", "2023-11-19 23:38:43.448536"]]
  [1m[36mTRANSACTION (0.1ms)[0m  [1m[36mcommit transaction[0m
  [1m[36mTRANSACTION (0.1ms)[0m  [1m[36mbegin transaction[0m
  [1m[36mProduct Create (1.2ms)[0m  [1m[32mINSERT INTO "products" ("title", "description", "image_url", "price", "created_at", "updated_at") VALUES (?, ?, ?, ?, ?, ?) RETURNING "id"[0m  [["title", "Thing 2"], ["description", "This is thing 2"], ["image_url", "image.jpg"], ["price", 10.0], ["created_at", "2023-11-19 23:38:43.452916"], ["updated_at", "2023-11-19 23:38:43.452916"]]
  [1m[36mTRANSACTION (0.1ms)[0m  [1m[36mcommit transaction[0m
Started GET "/products" for ::1 at 2023-11-19 18:38:45 -0500
Processing by ProductsController#index as HTML
  Rendering layout layouts/application.html.erb
  Rendering products/index.html.erb within layouts/application
  [1m[36mProduct Load (0.1ms)[0m  [1m[34mSELECT "products".* FROM "products"[0m
  ↳ app/views/products/index.html.erb:20
  Rendered products/index.html.erb within layouts/application (Duration: 10.6ms | Allocations: 5436)
  Rendered layout layouts/application.html.erb (Duration: 42.0ms | Allocations: 26256)
Completed 200 OK in 46ms (Views: 41.1ms | ActiveRecord: 2.5ms | Allocations: 28037)


Started GET "/products/new" for ::1 at 2023-11-19 18:44:57 -0500
Processing by ProductsController#new as HTML
  Rendering layout layouts/application.html.erb
  Rendering products/new.html.erb within layouts/application
  Rendered products/_form.html.erb (Duration: 5.9ms | Allocations: 1747)
  Rendered products/new.html.erb within layouts/application (Duration: 7.2ms | Allocations: 2048)
  Rendered layout layouts/application.html.erb (Duration: 29.2ms | Allocations: 22633)
Completed 200 OK in 38ms (Views: 30.9ms | ActiveRecord: 0.0ms | Allocations: 27405)


Started POST "/products" for ::1 at 2023-11-19 18:45:01 -0500
Processing by ProductsController#create as TURBO_STREAM
  Parameters: {"authenticity_token"=>"[FILTERED]", "product"=>{"title"=>"", "description"=>"", "image_url"=>"", "price"=>""}, "commit"=>"Create Product"}
  Rendering layout layouts/application.html.erb
  Rendering products/new.html.erb within layouts/application
  Rendered products/_form.html.erb (Duration: 25.3ms | Allocations: 4266)
  Rendered products/new.html.erb within layouts/application (Duration: 26.0ms | Allocations: 4355)
  Rendered layout layouts/application.html.erb (Duration: 42.7ms | Allocations: 10758)
Completed 422 Unprocessable Entity in 53ms (Views: 44.8ms | ActiveRecord: 0.0ms | Allocations: 12556)


Started POST "/products" for ::1 at 2023-11-19 18:45:06 -0500
Processing by ProductsController#create as TURBO_STREAM
  Parameters: {"authenticity_token"=>"[FILTERED]", "product"=>{"title"=>"test", "description"=>"test", "image_url"=>"test", "price"=>"test"}, "commit"=>"Create Product"}
  Rendering layout layouts/application.html.erb
  Rendering products/new.html.erb within layouts/application
  Rendered products/_form.html.erb (Duration: 3.3ms | Allocations: 1759)
  Rendered products/new.html.erb within layouts/application (Duration: 3.6ms | Allocations: 1848)
  Rendered layout layouts/application.html.erb (Duration: 14.2ms | Allocations: 8251)
Completed 422 Unprocessable Entity in 17ms (Views: 14.8ms | ActiveRecord: 0.0ms | Allocations: 9874)


Started POST "/products" for ::1 at 2023-11-19 18:45:12 -0500
Processing by ProductsController#create as TURBO_STREAM
  Parameters: {"authenticity_token"=>"[FILTERED]", "product"=>{"title"=>"test", "description"=>"test", "image_url"=>"test", "price"=>"1.00"}, "commit"=>"Create Product"}
  [1m[36mTRANSACTION (0.0ms)[0m  [1m[36mbegin transaction[0m
  ↳ app/controllers/products_controller.rb:27:in `block in create'
  [1m[36mProduct Create (3.1ms)[0m  [1m[32mINSERT INTO "products" ("title", "description", "image_url", "price", "created_at", "updated_at") VALUES (?, ?, ?, ?, ?, ?) RETURNING "id"[0m  [["title", "test"], ["description", "test"], ["image_url", "test"], ["price", 1.0], ["created_at", "2023-11-19 23:45:12.065334"], ["updated_at", "2023-11-19 23:45:12.065334"]]
  ↳ app/controllers/products_controller.rb:27:in `block in create'
  [1m[36mTRANSACTION (29.6ms)[0m  [1m[36mcommit transaction[0m
  ↳ app/controllers/products_controller.rb:27:in `block in create'
Redirected to http://localhost:3000/products/5
Completed 302 Found in 40ms (ActiveRecord: 33.6ms | Allocations: 2688)


Started GET "/products/5" for ::1 at 2023-11-19 18:45:12 -0500
Processing by ProductsController#show as TURBO_STREAM
  Parameters: {"id"=>"5"}
  [1m[36mProduct Load (0.2ms)[0m  [1m[34mSELECT "products".* FROM "products" WHERE "products"."id" = ? LIMIT ?[0m  [["id", 5], ["LIMIT", 1]]
  ↳ app/controllers/products_controller.rb:63:in `set_product'
  Rendering layout layouts/application.html.erb
  Rendering products/show.html.erb within layouts/application
  Rendered products/_product.html.erb (Duration: 1.9ms | Allocations: 352)
  Rendered products/show.html.erb within layouts/application (Duration: 5.2ms | Allocations: 1318)
  Rendered layout layouts/application.html.erb (Duration: 19.1ms | Allocations: 7665)
Completed 200 OK in 24ms (Views: 20.0ms | ActiveRecord: 0.2ms | Allocations: 9286)


Started GET "/products" for ::1 at 2023-11-19 18:45:15 -0500
Processing by ProductsController#index as HTML
  Rendering layout layouts/application.html.erb
  Rendering products/index.html.erb within layouts/application
  [1m[36mProduct Load (0.1ms)[0m  [1m[34mSELECT "products".* FROM "products"[0m
  ↳ app/views/products/index.html.erb:20
  Rendered products/index.html.erb within layouts/application (Duration: 3.7ms | Allocations: 2022)
  Rendered layout layouts/application.html.erb (Duration: 13.5ms | Allocations: 8386)
Completed 200 OK in 15ms (Views: 13.9ms | ActiveRecord: 0.1ms | Allocations: 8787)


Started GET "/" for ::1 at 2023-11-19 19:01:31 -0500
  
SyntaxError (/home/sburlett/work/depot/config/routes.rb:2: syntax error, unexpected string literal, expecting `do' or '{' or '('
  root 'store#index', as 'store_index'
                         ^
):
  
config/routes.rb:2: syntax error, unexpected string literal, expecting `do' or '{' or '('
Started GET "/" for ::1 at 2023-11-19 19:02:04 -0500
Processing by StoreController#index as HTML
  Rendering layout layouts/application.html.erb
  Rendering store/index.html.erb within layouts/application
  Rendered store/index.html.erb within layouts/application (Duration: 0.4ms | Allocations: 113)
  Rendered layout layouts/application.html.erb (Duration: 20.2ms | Allocations: 21782)
Completed 200 OK in 23ms (Views: 21.6ms | ActiveRecord: 0.0ms | Allocations: 22931)


Started GET "/" for ::1 at 2023-11-19 19:07:02 -0500
Processing by StoreController#index as HTML
  Rendering layout layouts/application.html.erb
  Rendering store/index.html.erb within layouts/application
  [1m[36mProduct Load (1.0ms)[0m  [1m[34mSELECT "products".* FROM "products" ORDER BY "products"."title" ASC[0m
  ↳ app/views/store/index.html.erb:12
  Rendered store/index.html.erb within layouts/application (Duration: 8.8ms | Allocations: 4545)
  Rendered layout layouts/application.html.erb (Duration: 36.1ms | Allocations: 27320)
Completed 200 OK in 43ms (Views: 37.2ms | ActiveRecord: 1.5ms | Allocations: 29449)


Started GET "/" for ::1 at 2023-11-19 19:08:21 -0500
Processing by StoreController#index as HTML
  Rendering layout layouts/application.html.erb
  Rendering store/index.html.erb within layouts/application
  [1m[36mProduct Load (0.2ms)[0m  [1m[34mSELECT "products".* FROM "products" ORDER BY "products"."title" ASC[0m
  ↳ app/views/store/index.html.erb:12
  Rendered store/index.html.erb within layouts/application (Duration: 6.7ms | Allocations: 4436)
  Rendered layout layouts/application.html.erb (Duration: 29.1ms | Allocations: 25040)
Completed 200 OK in 36ms (Views: 30.6ms | ActiveRecord: 2.0ms | Allocations: 27655)


Started GET "/" for ::1 at 2023-11-19 19:08:55 -0500
Processing by StoreController#index as HTML
  Rendering layout layouts/application.html.erb
  Rendering store/index.html.erb within layouts/application
  [1m[36mProduct Load (0.3ms)[0m  [1m[34mSELECT "products".* FROM "products" ORDER BY "products"."title" ASC[0m
  ↳ app/views/store/index.html.erb:12
  Rendered store/index.html.erb within layouts/application (Duration: 10.2ms | Allocations: 4439)
  Rendered layout layouts/application.html.erb (Duration: 35.7ms | Allocations: 25062)
Completed 200 OK in 44ms (Views: 37.0ms | ActiveRecord: 2.8ms | Allocations: 27677)


Started GET "/" for ::1 at 2023-11-19 19:19:19 -0500
Processing by StoreController#index as HTML
  Rendering layout layouts/application.html.erb
  Rendering store/index.html.erb within layouts/application
  [1m[36mProduct Load (1.5ms)[0m  [1m[34mSELECT "products".* FROM "products" ORDER BY "products"."title" ASC[0m
  ↳ app/views/store/index.html.erb:12
  Rendered store/index.html.erb within layouts/application (Duration: 11.8ms | Allocations: 4480)
  Rendered layout layouts/application.html.erb (Duration: 47.7ms | Allocations: 29179)
Completed 500 Internal Server Error in 53ms (ActiveRecord: 2.3ms | Allocations: 31243)


  
ActionView::Template::Error (The asset "logo.svg" is not present in the asset pipeline.
):
    13: 
    14:   <body>
    15:     <header class="bg-green-700">
    16:       <%= image_tag 'logo.svg', alt: 'The Pragmatic Bookshelf' %>
    17:       <h1><%= @page_title %></h1>
    18:     </header>
    19:     <section class="flex">
  
app/views/layouts/application.html.erb:16
Started GET "/" for ::1 at 2023-11-19 19:19:34 -0500
Processing by StoreController#index as HTML
  Rendering layout layouts/application.html.erb
  Rendering store/index.html.erb within layouts/application
  [1m[36mProduct Load (0.2ms)[0m  [1m[34mSELECT "products".* FROM "products" ORDER BY "products"."title" ASC[0m
  ↳ app/views/store/index.html.erb:12
  Rendered store/index.html.erb within layouts/application (Duration: 10.5ms | Allocations: 4499)
  Rendered layout layouts/application.html.erb (Duration: 36.2ms | Allocations: 25309)
Completed 200 OK in 43ms (Views: 37.5ms | ActiveRecord: 2.2ms | Allocations: 27927)


Started GET "/" for ::1 at 2023-11-19 19:19:44 -0500
Processing by StoreController#index as HTML
  Rendering layout layouts/application.html.erb
  Rendering store/index.html.erb within layouts/application
  [1m[36mProduct Load (0.1ms)[0m  [1m[34mSELECT "products".* FROM "products" ORDER BY "products"."title" ASC[0m
  ↳ app/views/store/index.html.erb:12
  Rendered store/index.html.erb within layouts/application (Duration: 2.5ms | Allocations: 1120)
  Rendered layout layouts/application.html.erb (Duration: 12.5ms | Allocations: 7485)
Completed 200 OK in 14ms (Views: 13.1ms | ActiveRecord: 0.1ms | Allocations: 7807)


Started GET "/questions" for ::1 at 2023-11-19 19:19:45 -0500
  
ActionController::RoutingError (No route matches [GET] "/questions"):
  
Started GET "/" for ::1 at 2023-11-19 19:19:47 -0500
Processing by StoreController#index as HTML
  Rendering layout layouts/application.html.erb
  Rendering store/index.html.erb within layouts/application
  [1m[36mProduct Load (0.1ms)[0m  [1m[34mSELECT "products".* FROM "products" ORDER BY "products"."title" ASC[0m
  ↳ app/views/store/index.html.erb:12
  Rendered store/index.html.erb within layouts/application (Duration: 3.8ms | Allocations: 1115)
  Rendered layout layouts/application.html.erb (Duration: 19.9ms | Allocations: 7480)
Completed 200 OK in 22ms (Views: 20.8ms | ActiveRecord: 0.1ms | Allocations: 7801)


Started GET "/" for ::1 at 2023-11-19 19:22:28 -0500
Processing by StoreController#index as HTML
  Rendering layout layouts/application.html.erb
  Rendering store/index.html.erb within layouts/application
  [1m[36mProduct Load (0.2ms)[0m  [1m[34mSELECT "products".* FROM "products" ORDER BY "products"."title" ASC[0m
  ↳ app/views/store/index.html.erb:12
  Rendered store/index.html.erb within layouts/application (Duration: 16.7ms | Allocations: 7012)
  Rendered layout layouts/application.html.erb (Duration: 34.8ms | Allocations: 27671)
Completed 200 OK in 41ms (Views: 35.9ms | ActiveRecord: 1.8ms | Allocations: 30285)


Started GET "/" for ::1 at 2023-11-19 19:27:19 -0500
  [1m[36mActiveRecord::SchemaMigration Load (0.2ms)[0m  [1m[34mSELECT "schema_migrations"."version" FROM "schema_migrations" ORDER BY "schema_migrations"."version" ASC[0m
Processing by StoreController#index as HTML
  Rendering layout layouts/application.html.erb
  Rendering store/index.html.erb within layouts/application
  [1m[35m (0.2ms)[0m  [1m[34mSELECT COUNT(*) AS "size", MAX("products"."updated_at") AS timestamp FROM "products"[0m
  ↳ app/views/store/index.html.erb:12
Read fragment views/store/index:726711900b72017cc6903a5ebc5c468b/products/query-6da0c1bd8d5af4d26cf1e3ad636ad28f-3-20231119234512065334 (4.2ms)
  [1m[36mProduct Load (0.4ms)[0m  [1m[34mSELECT "products".* FROM "products" ORDER BY "products"."title" ASC[0m
  ↳ app/views/store/index.html.erb:13
Read fragment views/store/index:726711900b72017cc6903a5ebc5c468b/products/3-20231119233843448536 (0.4ms)
Write fragment views/store/index:726711900b72017cc6903a5ebc5c468b/products/3-20231119233843448536 (0.3ms)
Read fragment views/store/index:726711900b72017cc6903a5ebc5c468b/products/4-20231119233843452916 (0.2ms)
Write fragment views/store/index:726711900b72017cc6903a5ebc5c468b/products/4-20231119233843452916 (0.2ms)
Read fragment views/store/index:726711900b72017cc6903a5ebc5c468b/products/5-20231119234512065334 (0.1ms)
Write fragment views/store/index:726711900b72017cc6903a5ebc5c468b/products/5-20231119234512065334 (0.1ms)
Write fragment views/store/index:726711900b72017cc6903a5ebc5c468b/products/query-6da0c1bd8d5af4d26cf1e3ad636ad28f-3-20231119234512065334 (0.2ms)
  Rendered store/index.html.erb within layouts/application (Duration: 65.6ms | Allocations: 106703)
  Rendered layout layouts/application.html.erb (Duration: 165.3ms | Allocations: 166300)
Completed 200 OK in 211ms (Views: 168.3ms | ActiveRecord: 3.9ms | Allocations: 184485)


Started GET "/" for ::1 at 2023-11-19 19:27:22 -0500
Processing by StoreController#index as HTML
  Rendering layout layouts/application.html.erb
  Rendering store/index.html.erb within layouts/application
  [1m[35m (0.3ms)[0m  [1m[34mSELECT COUNT(*) AS "size", MAX("products"."updated_at") AS timestamp FROM "products"[0m
  ↳ app/views/store/index.html.erb:12
Read fragment views/store/index:726711900b72017cc6903a5ebc5c468b/products/query-6da0c1bd8d5af4d26cf1e3ad636ad28f-3-20231119234512065334 (3.1ms)
  Rendered store/index.html.erb within layouts/application (Duration: 4.2ms | Allocations: 1008)
  Rendered layout layouts/application.html.erb (Duration: 25.5ms | Allocations: 7373)
Completed 200 OK in 28ms (Views: 26.3ms | ActiveRecord: 0.2ms | Allocations: 7709)


Started GET "/" for ::1 at 2023-11-19 19:27:24 -0500
Processing by StoreController#index as HTML
  Rendering layout layouts/application.html.erb
  Rendering store/index.html.erb within layouts/application
  [1m[35m (0.3ms)[0m  [1m[34mSELECT COUNT(*) AS "size", MAX("products"."updated_at") AS timestamp FROM "products"[0m
  ↳ app/views/store/index.html.erb:12
Read fragment views/store/index:726711900b72017cc6903a5ebc5c468b/products/query-6da0c1bd8d5af4d26cf1e3ad636ad28f-3-20231119234512065334 (3.6ms)
  Rendered store/index.html.erb within layouts/application (Duration: 5.3ms | Allocations: 1001)
  Rendered layout layouts/application.html.erb (Duration: 23.6ms | Allocations: 7366)
Completed 200 OK in 26ms (Views: 24.7ms | ActiveRecord: 0.3ms | Allocations: 7699)


Started GET "/" for ::1 at 2023-11-19 19:27:24 -0500
Processing by StoreController#index as HTML
  Rendering layout layouts/application.html.erb
  Rendering store/index.html.erb within layouts/application
  [1m[35m (0.3ms)[0m  [1m[34mSELECT COUNT(*) AS "size", MAX("products"."updated_at") AS timestamp FROM "products"[0m
  ↳ app/views/store/index.html.erb:12
Read fragment views/store/index:726711900b72017cc6903a5ebc5c468b/products/query-6da0c1bd8d5af4d26cf1e3ad636ad28f-3-20231119234512065334 (5.1ms)
  Rendered store/index.html.erb within layouts/application (Duration: 7.4ms | Allocations: 993)
  Rendered layout layouts/application.html.erb (Duration: 35.5ms | Allocations: 7358)
Completed 200 OK in 39ms (Views: 37.4ms | ActiveRecord: 0.3ms | Allocations: 7691)


Started GET "/" for ::1 at 2023-11-19 19:27:25 -0500
Processing by StoreController#index as HTML
  Rendering layout layouts/application.html.erb
  Rendering store/index.html.erb within layouts/application
  [1m[35m (0.4ms)[0m  [1m[34mSELECT COUNT(*) AS "size", MAX("products"."updated_at") AS timestamp FROM "products"[0m
  ↳ app/views/store/index.html.erb:12
Read fragment views/store/index:726711900b72017cc6903a5ebc5c468b/products/query-6da0c1bd8d5af4d26cf1e3ad636ad28f-3-20231119234512065334 (5.5ms)
  Rendered store/index.html.erb within layouts/application (Duration: 7.6ms | Allocations: 993)
  Rendered layout layouts/application.html.erb (Duration: 31.3ms | Allocations: 7358)
Completed 200 OK in 35ms (Views: 32.5ms | ActiveRecord: 0.4ms | Allocations: 7691)


Started GET "/" for ::1 at 2023-11-19 19:27:26 -0500
Processing by StoreController#index as HTML
  Rendering layout layouts/application.html.erb
  Rendering store/index.html.erb within layouts/application
  [1m[35m (0.2ms)[0m  [1m[34mSELECT COUNT(*) AS "size", MAX("products"."updated_at") AS timestamp FROM "products"[0m
  ↳ app/views/store/index.html.erb:12
Read fragment views/store/index:726711900b72017cc6903a5ebc5c468b/products/query-6da0c1bd8d5af4d26cf1e3ad636ad28f-3-20231119234512065334 (2.7ms)
  Rendered store/index.html.erb within layouts/application (Duration: 3.6ms | Allocations: 991)
  Rendered layout layouts/application.html.erb (Duration: 20.4ms | Allocations: 7356)
Completed 200 OK in 22ms (Views: 21.0ms | ActiveRecord: 0.2ms | Allocations: 7677)


Started GET "/" for ::1 at 2023-11-19 19:27:31 -0500
Processing by StoreController#index as HTML
  Rendering layout layouts/application.html.erb
  Rendering store/index.html.erb within layouts/application
  [1m[35m (0.3ms)[0m  [1m[34mSELECT COUNT(*) AS "size", MAX("products"."updated_at") AS timestamp FROM "products"[0m
  ↳ app/views/store/index.html.erb:12
Read fragment views/store/index:726711900b72017cc6903a5ebc5c468b/products/query-6da0c1bd8d5af4d26cf1e3ad636ad28f-3-20231119234512065334 (4.5ms)
  Rendered store/index.html.erb within layouts/application (Duration: 6.1ms | Allocations: 995)
  Rendered layout layouts/application.html.erb (Duration: 26.4ms | Allocations: 7360)
Completed 200 OK in 29ms (Views: 27.5ms | ActiveRecord: 0.3ms | Allocations: 7681)


Started GET "/" for ::1 at 2023-11-19 19:27:31 -0500
Processing by StoreController#index as HTML
  Rendering layout layouts/application.html.erb
  Rendering store/index.html.erb within layouts/application
  [1m[35m (0.3ms)[0m  [1m[34mSELECT COUNT(*) AS "size", MAX("products"."updated_at") AS timestamp FROM "products"[0m
  ↳ app/views/store/index.html.erb:12
Read fragment views/store/index:726711900b72017cc6903a5ebc5c468b/products/query-6da0c1bd8d5af4d26cf1e3ad636ad28f-3-20231119234512065334 (3.6ms)
  Rendered store/index.html.erb within layouts/application (Duration: 5.3ms | Allocations: 981)
  Rendered layout layouts/application.html.erb (Duration: 26.9ms | Allocations: 7346)
Completed 200 OK in 29ms (Views: 27.9ms | ActiveRecord: 0.2ms | Allocations: 7667)


  [1m[36mActiveRecord::InternalMetadata Load (0.2ms)[0m  [1m[34mSELECT * FROM "ar_internal_metadata" WHERE "ar_internal_metadata"."key" = ? ORDER BY "ar_internal_metadata"."key" ASC LIMIT 1[0m  [[nil, "environment"]]
  [1m[36mActiveRecord::SchemaMigration Load (0.1ms)[0m  [1m[34mSELECT "schema_migrations"."version" FROM "schema_migrations" ORDER BY "schema_migrations"."version" ASC[0m
Migrating to CreateCarts (20231120003147)
  [1m[36mTRANSACTION (0.1ms)[0m  [1m[36mbegin transaction[0m
  [1m[35m (1.2ms)[0m  [1m[35mCREATE TABLE "carts" ("id" integer PRIMARY KEY AUTOINCREMENT NOT NULL, "created_at" datetime(6) NOT NULL, "updated_at" datetime(6) NOT NULL)[0m
  [1m[36mActiveRecord::SchemaMigration Create (0.3ms)[0m  [1m[32mINSERT INTO "schema_migrations" ("version") VALUES ('20231120003147') RETURNING "version"[0m
  [1m[36mTRANSACTION (54.4ms)[0m  [1m[36mcommit transaction[0m
  [1m[36mActiveRecord::SchemaMigration Load (0.1ms)[0m  [1m[34mSELECT "schema_migrations"."version" FROM "schema_migrations" ORDER BY "schema_migrations"."version" ASC[0m
  [1m[36mActiveRecord::InternalMetadata Load (0.2ms)[0m  [1m[34mSELECT * FROM "ar_internal_metadata" WHERE "ar_internal_metadata"."key" = ? ORDER BY "ar_internal_metadata"."key" ASC LIMIT 1[0m  [[nil, "environment"]]
  [1m[36mActiveRecord::SchemaMigration Load (0.1ms)[0m  [1m[34mSELECT "schema_migrations"."version" FROM "schema_migrations" ORDER BY "schema_migrations"."version" ASC[0m
Migrating to CreateLineItems (20231120003340)
  [1m[36mTRANSACTION (0.1ms)[0m  [1m[36mbegin transaction[0m
  [1m[35m (0.9ms)[0m  [1m[35mCREATE TABLE "line_items" ("id" integer PRIMARY KEY AUTOINCREMENT NOT NULL, "product_id" integer NOT NULL, "cart_id" integer NOT NULL, "created_at" datetime(6) NOT NULL, "updated_at" datetime(6) NOT NULL, CONSTRAINT "fk_rails_11e15d5c6b"
FOREIGN KEY ("product_id")
  REFERENCES "products" ("id")
, CONSTRAINT "fk_rails_af645e8e5f"
FOREIGN KEY ("cart_id")
  REFERENCES "carts" ("id")
)[0m
  [1m[35m (0.1ms)[0m  [1m[35mCREATE INDEX "index_line_items_on_product_id" ON "line_items" ("product_id")[0m
  [1m[35m (0.1ms)[0m  [1m[35mCREATE INDEX "index_line_items_on_cart_id" ON "line_items" ("cart_id")[0m
  [1m[36mActiveRecord::SchemaMigration Create (0.1ms)[0m  [1m[32mINSERT INTO "schema_migrations" ("version") VALUES ('20231120003340') RETURNING "version"[0m
  [1m[36mTRANSACTION (0.1ms)[0m  [1m[36mcommit transaction[0m
  [1m[36mActiveRecord::SchemaMigration Load (0.1ms)[0m  [1m[34mSELECT "schema_migrations"."version" FROM "schema_migrations" ORDER BY "schema_migrations"."version" ASC[0m
Started GET "/" for ::1 at 2023-11-19 19:37:54 -0500
  [1m[36mActiveRecord::SchemaMigration Load (0.2ms)[0m  [1m[34mSELECT "schema_migrations"."version" FROM "schema_migrations" ORDER BY "schema_migrations"."version" ASC[0m
Processing by StoreController#index as HTML
Completed 500 Internal Server Error in 3ms (ActiveRecord: 0.0ms | Allocations: 2496)


  
SyntaxError (/home/sburlett/work/depot/app/models/product.rb:23: syntax error, unexpected `end', expecting end-of-input):
  
app/models/product.rb:23: syntax error, unexpected `end', expecting end-of-input
app/controllers/store_controller.rb:3:in `index'
Started GET "/" for ::1 at 2023-11-19 19:38:06 -0500
Processing by StoreController#index as HTML
  Rendering layout layouts/application.html.erb
  Rendering store/index.html.erb within layouts/application
  [1m[36mProduct Load (0.2ms)[0m  [1m[34mSELECT "products".* FROM "products" ORDER BY "products"."title" ASC[0m
  ↳ app/views/store/index.html.erb:13
  Rendered store/index.html.erb within layouts/application (Duration: 54.3ms | Allocations: 101581)
  Rendered layout layouts/application.html.erb (Duration: 157.2ms | Allocations: 163017)
Completed 200 OK in 208ms (Views: 158.4ms | ActiveRecord: 2.5ms | Allocations: 178751)


Started POST "/line_items?product_id=3" for ::1 at 2023-11-19 19:38:07 -0500
Processing by LineItemsController#create as TURBO_STREAM
  Parameters: {"authenticity_token"=>"[FILTERED]", "product_id"=>"3"}
Completed 400 Bad Request in 21ms (ActiveRecord: 0.0ms | Allocations: 4629)


  
ActionController::ParameterMissing (param is missing or the value is empty: line_item):
  
app/controllers/line_items_controller.rb:68:in `line_item_params'
app/controllers/line_items_controller.rb:24:in `create'
Started GET "/" for ::1 at 2023-11-19 19:38:08 -0500
Processing by StoreController#index as HTML
  Rendering layout layouts/application.html.erb
  Rendering store/index.html.erb within layouts/application
  [1m[36mProduct Load (0.1ms)[0m  [1m[34mSELECT "products".* FROM "products" ORDER BY "products"."title" ASC[0m
  ↳ app/views/store/index.html.erb:13
  Rendered store/index.html.erb within layouts/application (Duration: 3.6ms | Allocations: 1877)
  Rendered layout layouts/application.html.erb (Duration: 11.1ms | Allocations: 8419)
Completed 200 OK in 12ms (Views: 11.7ms | ActiveRecord: 0.1ms | Allocations: 8750)


Started POST "/line_items?product_id=3" for ::1 at 2023-11-19 19:38:09 -0500
Processing by LineItemsController#create as TURBO_STREAM
  Parameters: {"authenticity_token"=>"[FILTERED]", "product_id"=>"3"}
Completed 400 Bad Request in 3ms (ActiveRecord: 0.0ms | Allocations: 811)


  
ActionController::ParameterMissing (param is missing or the value is empty: line_item):
  
app/controllers/line_items_controller.rb:68:in `line_item_params'
app/controllers/line_items_controller.rb:24:in `create'
Started GET "/" for ::1 at 2023-11-19 19:38:09 -0500
Processing by StoreController#index as HTML
  Rendering layout layouts/application.html.erb
  Rendering store/index.html.erb within layouts/application
  [1m[36mProduct Load (0.1ms)[0m  [1m[34mSELECT "products".* FROM "products" ORDER BY "products"."title" ASC[0m
  ↳ app/views/store/index.html.erb:13
  Rendered store/index.html.erb within layouts/application (Duration: 3.8ms | Allocations: 1870)
  Rendered layout layouts/application.html.erb (Duration: 13.2ms | Allocations: 8221)
Completed 200 OK in 14ms (Views: 13.7ms | ActiveRecord: 0.1ms | Allocations: 8548)


Started GET "/" for ::1 at 2023-11-19 19:41:08 -0500
Processing by StoreController#index as HTML
  Rendering layout layouts/application.html.erb
  Rendering store/index.html.erb within layouts/application
  [1m[36mProduct Load (0.3ms)[0m  [1m[34mSELECT "products".* FROM "products" ORDER BY "products"."title" ASC[0m
  ↳ app/views/store/index.html.erb:13
  Rendered store/index.html.erb within layouts/application (Duration: 13.5ms | Allocations: 5373)
  Rendered layout layouts/application.html.erb (Duration: 31.7ms | Allocations: 26124)
Completed 200 OK in 44ms (Views: 34.1ms | ActiveRecord: 3.6ms | Allocations: 29925)


Started POST "/line_items?product_id=3" for ::1 at 2023-11-19 19:41:09 -0500
Processing by LineItemsController#create as TURBO_STREAM
  Parameters: {"authenticity_token"=>"[FILTERED]", "product_id"=>"3"}
  [1m[36mTRANSACTION (0.1ms)[0m  [1m[36mbegin transaction[0m
  ↳ app/controllers/concerns/current_cart.rb:6:in `rescue in set_cart'
  [1m[36mCart Create (1.2ms)[0m  [1m[32mINSERT INTO "carts" ("created_at", "updated_at") VALUES (?, ?) RETURNING "id"[0m  [["created_at", "2023-11-20 00:41:09.869748"], ["updated_at", "2023-11-20 00:41:09.869748"]]
  ↳ app/controllers/concerns/current_cart.rb:6:in `rescue in set_cart'
  [1m[36mTRANSACTION (27.2ms)[0m  [1m[36mcommit transaction[0m
  ↳ app/controllers/concerns/current_cart.rb:6:in `rescue in set_cart'
  [1m[36mProduct Load (0.2ms)[0m  [1m[34mSELECT "products".* FROM "products" WHERE "products"."id" = ? LIMIT ?[0m  [["id", 3], ["LIMIT", 1]]
  ↳ app/controllers/line_items_controller.rb:26:in `create'
  [1m[36mTRANSACTION (0.1ms)[0m  [1m[36mbegin transaction[0m
  ↳ app/controllers/line_items_controller.rb:30:in `block in create'
  [1m[36mLineItem Create (1.2ms)[0m  [1m[32mINSERT INTO "line_items" ("product_id", "cart_id", "created_at", "updated_at") VALUES (?, ?, ?, ?) RETURNING "id"[0m  [["product_id", 3], ["cart_id", 1], ["created_at", "2023-11-20 00:41:09.944422"], ["updated_at", "2023-11-20 00:41:09.944422"]]
  ↳ app/controllers/line_items_controller.rb:30:in `block in create'
  [1m[36mTRANSACTION (0.1ms)[0m  [1m[36mcommit transaction[0m
  ↳ app/controllers/line_items_controller.rb:30:in `block in create'
Redirected to http://localhost:3000/carts/1
Completed 302 Found in 89ms (ActiveRecord: 31.1ms | Allocations: 49777)


Started GET "/carts/1" for ::1 at 2023-11-19 19:41:09 -0500
Processing by CartsController#show as TURBO_STREAM
  Parameters: {"id"=>"1"}
  [1m[36mCart Load (0.1ms)[0m  [1m[34mSELECT "carts".* FROM "carts" WHERE "carts"."id" = ? LIMIT ?[0m  [["id", 1], ["LIMIT", 1]]
  ↳ app/controllers/carts_controller.rb:63:in `set_cart'
  Rendering layout layouts/application.html.erb
  Rendering carts/show.html.erb within layouts/application
  Rendered carts/_cart.html.erb (Duration: 0.6ms | Allocations: 240)
  Rendered carts/show.html.erb within layouts/application (Duration: 3.7ms | Allocations: 1432)
  Rendered layout layouts/application.html.erb (Duration: 14.2ms | Allocations: 7970)
Completed 200 OK in 18ms (Views: 15.2ms | ActiveRecord: 0.1ms | Allocations: 9679)


Started GET "/carts/1/edit" for ::1 at 2023-11-19 19:41:12 -0500
Processing by CartsController#edit as HTML
  Parameters: {"id"=>"1"}
  [1m[36mCart Load (0.2ms)[0m  [1m[34mSELECT "carts".* FROM "carts" WHERE "carts"."id" = ? LIMIT ?[0m  [["id", 1], ["LIMIT", 1]]
  ↳ app/controllers/carts_controller.rb:63:in `set_cart'
  Rendering layout layouts/application.html.erb
  Rendering carts/edit.html.erb within layouts/application
  Rendered carts/_form.html.erb (Duration: 3.1ms | Allocations: 980)
  Rendered carts/edit.html.erb within layouts/application (Duration: 5.2ms | Allocations: 1333)
  Rendered layout layouts/application.html.erb (Duration: 19.7ms | Allocations: 7871)
Completed 200 OK in 24ms (Views: 20.8ms | ActiveRecord: 0.2ms | Allocations: 8724)


Started GET "/carts/1" for ::1 at 2023-11-19 19:41:14 -0500
Processing by CartsController#show as HTML
  Parameters: {"id"=>"1"}
  [1m[36mCart Load (0.2ms)[0m  [1m[34mSELECT "carts".* FROM "carts" WHERE "carts"."id" = ? LIMIT ?[0m  [["id", 1], ["LIMIT", 1]]
  ↳ app/controllers/carts_controller.rb:63:in `set_cart'
  Rendering layout layouts/application.html.erb
  Rendering carts/show.html.erb within layouts/application
  Rendered carts/_cart.html.erb (Duration: 0.1ms | Allocations: 17)
  Rendered carts/show.html.erb within layouts/application (Duration: 2.8ms | Allocations: 526)
  Rendered layout layouts/application.html.erb (Duration: 12.9ms | Allocations: 6873)
Completed 200 OK in 16ms (Views: 13.7ms | ActiveRecord: 0.2ms | Allocations: 7666)


Started GET "/carts" for ::1 at 2023-11-19 19:41:15 -0500
Processing by CartsController#index as HTML
  Rendering layout layouts/application.html.erb
  Rendering carts/index.html.erb within layouts/application
  [1m[36mCart Load (0.5ms)[0m  [1m[34mSELECT "carts".* FROM "carts"[0m
  ↳ app/views/carts/index.html.erb:12
  Rendered collection of carts/_cart.html.erb [1 times] (Duration: 2.0ms | Allocations: 306)
  Rendered carts/index.html.erb within layouts/application (Duration: 7.4ms | Allocations: 1559)
  Rendered layout layouts/application.html.erb (Duration: 22.0ms | Allocations: 7923)
Completed 200 OK in 24ms (Views: 22.3ms | ActiveRecord: 0.5ms | Allocations: 8325)


Started GET "/" for ::1 at 2023-11-19 19:41:17 -0500
Processing by StoreController#index as HTML
  Rendering layout layouts/application.html.erb
  Rendering store/index.html.erb within layouts/application
  [1m[36mProduct Load (0.1ms)[0m  [1m[34mSELECT "products".* FROM "products" ORDER BY "products"."title" ASC[0m
  ↳ app/views/store/index.html.erb:13
  Rendered store/index.html.erb within layouts/application (Duration: 3.2ms | Allocations: 1855)
  Rendered layout layouts/application.html.erb (Duration: 10.9ms | Allocations: 8206)
Completed 200 OK in 12ms (Views: 11.3ms | ActiveRecord: 0.1ms | Allocations: 8529)


Started POST "/line_items?product_id=3" for ::1 at 2023-11-19 19:43:14 -0500
Processing by LineItemsController#create as TURBO_STREAM
  Parameters: {"authenticity_token"=>"[FILTERED]", "product_id"=>"3"}
  [1m[36mTRANSACTION (0.1ms)[0m  [1m[36mbegin transaction[0m
  ↳ app/controllers/concerns/current_cart.rb:6:in `rescue in set_cart'
  [1m[36mCart Create (1.4ms)[0m  [1m[32mINSERT INTO "carts" ("created_at", "updated_at") VALUES (?, ?) RETURNING "id"[0m  [["created_at", "2023-11-20 00:43:14.840409"], ["updated_at", "2023-11-20 00:43:14.840409"]]
  ↳ app/controllers/concerns/current_cart.rb:6:in `rescue in set_cart'
  [1m[36mTRANSACTION (29.4ms)[0m  [1m[36mcommit transaction[0m
  ↳ app/controllers/concerns/current_cart.rb:6:in `rescue in set_cart'
  [1m[36mProduct Load (0.1ms)[0m  [1m[34mSELECT "products".* FROM "products" WHERE "products"."id" = ? LIMIT ?[0m  [["id", 3], ["LIMIT", 1]]
  ↳ app/controllers/line_items_controller.rb:26:in `create'
  [1m[36mTRANSACTION (0.1ms)[0m  [1m[36mbegin transaction[0m
  ↳ app/controllers/line_items_controller.rb:30:in `block in create'
  [1m[36mLineItem Create (1.1ms)[0m  [1m[32mINSERT INTO "line_items" ("product_id", "cart_id", "created_at", "updated_at") VALUES (?, ?, ?, ?) RETURNING "id"[0m  [["product_id", 3], ["cart_id", 2], ["created_at", "2023-11-20 00:43:14.895783"], ["updated_at", "2023-11-20 00:43:14.895783"]]
  ↳ app/controllers/line_items_controller.rb:30:in `block in create'
  [1m[36mTRANSACTION (0.1ms)[0m  [1m[36mcommit transaction[0m
  ↳ app/controllers/line_items_controller.rb:30:in `block in create'
Redirected to http://localhost:3000/carts/2
Completed 302 Found in 68ms (ActiveRecord: 35.0ms | Allocations: 21702)


Started GET "/carts/2" for ::1 at 2023-11-19 19:43:14 -0500
Processing by CartsController#show as TURBO_STREAM
  Parameters: {"id"=>"2"}
  [1m[36mCart Load (0.2ms)[0m  [1m[34mSELECT "carts".* FROM "carts" WHERE "carts"."id" = ? LIMIT ?[0m  [["id", 2], ["LIMIT", 1]]
  ↳ app/controllers/carts_controller.rb:63:in `set_cart'
  Rendering layout layouts/application.html.erb
  Rendering carts/show.html.erb within layouts/application
  [1m[36mLineItem Load (0.3ms)[0m  [1m[34mSELECT "line_items".* FROM "line_items" WHERE "line_items"."cart_id" = ?[0m  [["cart_id", 2]]
  ↳ app/views/carts/_cart.html.erb:4
  [1m[36mProduct Load (0.1ms)[0m  [1m[34mSELECT "products".* FROM "products" WHERE "products"."id" = ? LIMIT ?[0m  [["id", 3], ["LIMIT", 1]]
  ↳ app/views/carts/_cart.html.erb:5
  Rendered carts/_cart.html.erb (Duration: 5.9ms | Allocations: 3344)
  Rendered carts/show.html.erb within layouts/application (Duration: 8.9ms | Allocations: 4339)
  Rendered layout layouts/application.html.erb (Duration: 35.7ms | Allocations: 26750)
Completed 200 OK in 42ms (Views: 37.6ms | ActiveRecord: 0.6ms | Allocations: 29121)


Started GET "/carts/2" for ::1 at 2023-11-19 19:43:14 -0500
Processing by CartsController#show as HTML
  Parameters: {"id"=>"2"}
  [1m[36mCart Load (0.1ms)[0m  [1m[34mSELECT "carts".* FROM "carts" WHERE "carts"."id" = ? LIMIT ?[0m  [["id", 2], ["LIMIT", 1]]
  ↳ app/controllers/carts_controller.rb:63:in `set_cart'
  Rendering layout layouts/application.html.erb
  Rendering carts/show.html.erb within layouts/application
  [1m[36mLineItem Load (0.1ms)[0m  [1m[34mSELECT "line_items".* FROM "line_items" WHERE "line_items"."cart_id" = ?[0m  [["cart_id", 2]]
  ↳ app/views/carts/_cart.html.erb:4
  [1m[36mProduct Load (0.1ms)[0m  [1m[34mSELECT "products".* FROM "products" WHERE "products"."id" = ? LIMIT ?[0m  [["id", 3], ["LIMIT", 1]]
  ↳ app/views/carts/_cart.html.erb:5
  Rendered carts/_cart.html.erb (Duration: 2.8ms | Allocations: 1380)
  Rendered carts/show.html.erb within layouts/application (Duration: 3.8ms | Allocations: 1907)
  Rendered layout layouts/application.html.erb (Duration: 13.1ms | Allocations: 8254)
Completed 200 OK in 16ms (Views: 13.5ms | ActiveRecord: 0.3ms | Allocations: 9044)


Started GET "/carts" for ::1 at 2023-11-19 19:43:17 -0500
Processing by CartsController#index as HTML
  Rendering layout layouts/application.html.erb
  Rendering carts/index.html.erb within layouts/application
  [1m[36mCart Load (0.2ms)[0m  [1m[34mSELECT "carts".* FROM "carts"[0m
  ↳ app/views/carts/index.html.erb:12
  [1m[36mLineItem Load (0.1ms)[0m  [1m[34mSELECT "line_items".* FROM "line_items" WHERE "line_items"."cart_id" = ?[0m  [["cart_id", 1]]
  ↳ app/views/carts/_cart.html.erb:4
  [1m[36mProduct Load (0.1ms)[0m  [1m[34mSELECT "products".* FROM "products" WHERE "products"."id" = ? LIMIT ?[0m  [["id", 3], ["LIMIT", 1]]
  ↳ app/views/carts/_cart.html.erb:5
  [1m[36mLineItem Load (0.1ms)[0m  [1m[34mSELECT "line_items".* FROM "line_items" WHERE "line_items"."cart_id" = ?[0m  [["cart_id", 2]]
  ↳ app/views/carts/_cart.html.erb:4
  [1m[36mCACHE Product Load (0.0ms)[0m  [1m[34mSELECT "products".* FROM "products" WHERE "products"."id" = ? LIMIT ?[0m  [["id", 3], ["LIMIT", 1]]
  ↳ app/views/carts/_cart.html.erb:5
  Rendered collection of carts/_cart.html.erb [2 times] (Duration: 10.2ms | Allocations: 2952)
  Rendered carts/index.html.erb within layouts/application (Duration: 13.7ms | Allocations: 4165)
  Rendered layout layouts/application.html.erb (Duration: 25.5ms | Allocations: 10529)
Completed 200 OK in 27ms (Views: 25.8ms | ActiveRecord: 0.5ms | Allocations: 10930)


